Case #1:
1111111110110001 3 7 3 3 7 3 3 5 3
1111111101100011 3 137 3 3 7 3 3 5 3
1111111110000001 3 109 5 3 5 59 3 5 11
1111111111001001 3 757 3 3 7 3 3 5 3
1111111111111001 3 7 5 3 7 43 3 5 7
1111111111011101 17 31 257 53 73 11 7 17 19
1111111101000111 11 151 3 7 29 3 459013 2063 3
1111111100110011 3 7 3 3 7 3 3 5 3
1111111101101001 3 5 3 3 7 3 3 5 3
1110000000000001 3 5 5 3 7 5 3 5 11
1111111110100101 3 5 3 3 7 3 3 5 3
1111111101010101 5 5 3 13 37 3 5 17 3
1111111110000111 3 5 3 3 7 3 3 5 3
1111111101010001 3 7 13 3 31 43 3 73 7
1111111110011111 3 23 5 3 7 13 3 5 11
1111111110111011 17 11 19 37 47 1201 7 17 73
1111111110111111 7 13 3 31 5 3 73 7 3
1111101110011011 41 5 3 11027 131 3 5 43 3
1111111111110111 7 13 3 31 5 3 59 7 3
1111111101011111 5 5 17 13 37 5 5 41 101
1111111101111011 3 7 5 3 7 43 3 5 7
1111111000000001 3 5 5 3 7 5 3 5 7
1111111110010011 3 281 3 3 7 3 3 5 3
1111111110010101 7 11 3 31 43 3 11 7 3
1111111100110001 11 5 227 37 53 5749 5 19 4339
1111111111001101 5 7 23 21017 11 5 41 7 7
1111111101100001 13 19 7 733 67 5869 29 1171 31
1111111111111111 3 5 5 3 7 5 3 5 11
1111111111001011 11 1553 7 7 13613 67 181 103 197
1111110110011011 3 41 3 3 7 3 3 5 3
1111111101100111 151 5 10987 307 647 2887 5 11 3148829
1111111111011111 31 7 3 11 5 3 31 11 3
1111111110011001 3 41 3 3 7 3 3 5 3
1111111100100001 3 7 5 3 5 13 3 5 7
1111111111000011 3 5 3 3 7 3 3 5 3
1111111101000001 5 5 17 13 5 5 5 7 19
1111111110100011 7 13 3 31 43 3 73 7 3
1111111110101111 5 5 17 13 11 5 5 19 7
1111111111101011 5 5 17 11 37 5 5 41 101
1111111101110101 3 7 13 3 31 43 3 73 7
1111111101111101 5 5 7 13 11 5 5 37 79
1111111101101111 3 139 5 3 7 696611 3 5 11
1111111100111111 3 11 5 3 7 31 3 5 11
1111111101110111 17 23 29 313 1297 937 7 17 73
1111111101011101 3 523 19 3 149 967 3 7 2689
1111111111110101 5 5 17 13 19 5 5 11 101
1111111101111001 7 29 83 41 19 13 15551 7 191
1111111101001011 3 5 3 3 7 3 3 5 3
1111111111010111 5 5 17 7 37 5 5 41 101
1111111110110111 3 37 5 3 7 11 3 5 11